<?xml version="1.0" encoding="UTF-8"?>
<!-- Generated by org.testng.reporters.JUnitXMLReporter -->
<testsuite ignored="0" hostname="LAPTOP-8VN8D2U4" failures="1" tests="1" name="Default test" time="2.061" errors="0" timestamp="2022-08-29T19:20:15 EDT">
  <testcase classname="calls.GithubAPI" name="verifyrepo" time="2.023">
    <failure type="java.lang.AssertionError" message="expected [[
    {
        &amp;quot;id&amp;quot;: 517139006,
        &amp;quot;node_id&amp;quot;: &amp;quot;R_kgDOHtLqPg&amp;quot;,
        &amp;quot;name&amp;quot;: &amp;quot;cucumber&amp;quot;,
        &amp;quot;full_name&amp;quot;: &amp;quot;RahulPatel1308/cucumber&amp;quot;,
        &amp;quot;private&amp;quot;: false,
        &amp;quot;owner&amp;quot;: {
            &amp;quot;login&amp;quot;: &amp;quot;RahulPatel1308&amp;quot;,
            &amp;quot;id&amp;quot;: 102562031,
            &amp;quot;node_id&amp;quot;: &amp;quot;U_kgDOBhz47w&amp;quot;,
            &amp;quot;avatar_url&amp;quot;: &amp;quot;https://avatars.githubusercontent.com/u/102562031?v=4&amp;quot;,
            &amp;quot;gravatar_id&amp;quot;: &amp;quot;&amp;quot;,
            &amp;quot;url&amp;quot;: &amp;quot;https://api.github.com/users/RahulPatel1308&amp;quot;,
            &amp;quot;html_url&amp;quot;: &amp;quot;https://github.com/RahulPatel1308&amp;quot;,
            &amp;quot;followers_url&amp;quot;: &amp;quot;https://api.github.com/users/RahulPatel1308/followers&amp;quot;,
            &amp;quot;following_url&amp;quot;: &amp;quot;https://api.github.com/users/RahulPatel1308/following{/other_user}&amp;quot;,
            &amp;quot;gists_url&amp;quot;: &amp;quot;https://api.github.com/users/RahulPatel1308/gists{/gist_id}&amp;quot;,
            &amp;quot;starred_url&amp;quot;: &amp;quot;https://api.github.com/users/RahulPatel1308/starred{/owner}{/repo}&amp;quot;,
            &amp;quot;subscriptions_url&amp;quot;: &amp;quot;https://api.github.com/users/RahulPatel1308/subscriptions&amp;quot;,
            &amp;quot;organizations_url&amp;quot;: &amp;quot;https://api.github.com/users/RahulPatel1308/orgs&amp;quot;,
            &amp;quot;repos_url&amp;quot;: &amp;quot;https://api.github.com/users/RahulPatel1308/repos&amp;quot;,
            &amp;quot;events_url&amp;quot;: &amp;quot;https://api.github.com/users/RahulPatel1308/events{/privacy}&amp;quot;,
            &amp;quot;received_events_url&amp;quot;: &amp;quot;https://api.github.com/users/RahulPatel1308/received_events&amp;quot;,
            &amp;quot;type&amp;quot;: &amp;quot;User&amp;quot;,
            &amp;quot;site_admin&amp;quot;: false
        },
        &amp;quot;html_url&amp;quot;: &amp;quot;https://github.com/RahulPatel1308/cucumber&amp;quot;,
        &amp;quot;description&amp;quot;: null,
        &amp;quot;fork&amp;quot;: false,
        &amp;quot;url&amp;quot;: &amp;quot;https://api.github.com/repos/RahulPatel1308/cucumber&amp;quot;,
        &amp;quot;forks_url&amp;quot;: &amp;quot;https://api.github.com/repos/RahulPatel1308/cucumber/forks&amp;quot;,
        &amp;quot;keys_url&amp;quot;: &amp;quot;https://api.github.com/repos/RahulPatel1308/cucumber/keys{/key_id}&amp;quot;,
        &amp;quot;collaborators_url&amp;quot;: &amp;quot;https://api.github.com/repos/RahulPatel1308/cucumber/collaborators{/collaborator}&amp;quot;,
        &amp;quot;teams_url&amp;quot;: &amp;quot;https://api.github.com/repos/RahulPatel1308/cucumber/teams&amp;quot;,
        &amp;quot;hooks_url&amp;quot;: &amp;quot;https://api.github.com/repos/RahulPatel1308/cucumber/hooks&amp;quot;,
        &amp;quot;issue_events_url&amp;quot;: &amp;quot;https://api.github.com/repos/RahulPatel1308/cucumber/issues/events{/number}&amp;quot;,
        &amp;quot;events_url&amp;quot;: &amp;quot;https://api.github.com/repos/RahulPatel1308/cucumber/events&amp;quot;,
        &amp;quot;assignees_url&amp;quot;: &amp;quot;https://api.github.com/repos/RahulPatel1308/cucumber/assignees{/user}&amp;quot;,
        &amp;quot;branches_url&amp;quot;: &amp;quot;https://api.github.com/repos/RahulPatel1308/cucumber/branches{/branch}&amp;quot;,
        &amp;quot;tags_url&amp;quot;: &amp;quot;https://api.github.com/repos/RahulPatel1308/cucumber/tags&amp;quot;,
        &amp;quot;blobs_url&amp;quot;: &amp;quot;https://api.github.com/repos/RahulPatel1308/cucumber/git/blobs{/sha}&amp;quot;,
        &amp;quot;git_tags_url&amp;quot;: &amp;quot;https://api.github.com/repos/RahulPatel1308/cucumber/git/tags{/sha}&amp;quot;,
        &amp;quot;git_refs_url&amp;quot;: &amp;quot;https://api.github.com/repos/RahulPatel1308/cucumber/git/refs{/sha}&amp;quot;,
        &amp;quot;trees_url&amp;quot;: &amp;quot;https://api.github.com/repos/RahulPatel1308/cucumber/git/trees{/sha}&amp;quot;,
        &amp;quot;statuses_url&amp;quot;: &amp;quot;https://api.github.com/repos/RahulPatel1308/cucumber/statuses/{sha}&amp;quot;,
        &amp;quot;languages_url&amp;quot;: &amp;quot;https://api.github.com/repos/RahulPatel1308/cucumber/languages&amp;quot;,
        &amp;quot;stargazers_url&amp;quot;: &amp;quot;https://api.github.com/repos/RahulPatel1308/cucumber/stargazers&amp;quot;,
        &amp;quot;contributors_url&amp;quot;: &amp;quot;https://api.github.com/repos/RahulPatel1308/cucumber/contributors&amp;quot;,
        &amp;quot;subscribers_url&amp;quot;: &amp;quot;https://api.github.com/repos/RahulPatel1308/cucumber/subscribers&amp;quot;,
        &amp;quot;subscription_url&amp;quot;: &amp;quot;https://api.github.com/repos/RahulPatel1308/cucumber/subscription&amp;quot;,
        &amp;quot;commits_url&amp;quot;: &amp;quot;https://api.github.com/repos/RahulPatel1308/cucumber/commits{/sha}&amp;quot;,
        &amp;quot;git_commits_url&amp;quot;: &amp;quot;https://api.github.com/repos/RahulPatel1308/cucumber/git/commits{/sha}&amp;quot;,
        &amp;quot;comments_url&amp;quot;: &amp;quot;https://api.github.com/repos/RahulPatel1308/cucumber/comments{/number}&amp;quot;,
        &amp;quot;issue_comment_url&amp;quot;: &amp;quot;https://api.github.com/repos/RahulPatel1308/cucumber/issues/comments{/number}&amp;quot;,
        &amp;quot;contents_url&amp;quot;: &amp;quot;https://api.github.com/repos/RahulPatel1308/cucumber/contents/{+path}&amp;quot;,
        &amp;quot;compare_url&amp;quot;: &amp;quot;https://api.github.com/repos/RahulPatel1308/cucumber/compare/{base}...{head}&amp;quot;,
        &amp;quot;merges_url&amp;quot;: &amp;quot;https://api.github.com/repos/RahulPatel1308/cucumber/merges&amp;quot;,
        &amp;quot;archive_url&amp;quot;: &amp;quot;https://api.github.com/repos/RahulPatel1308/cucumber/{archive_format}{/ref}&amp;quot;,
        &amp;quot;downloads_url&amp;quot;: &amp;quot;https://api.github.com/repos/RahulPatel1308/cucumber/downloads&amp;quot;,
        &amp;quot;issues_url&amp;quot;: &amp;quot;https://api.github.com/repos/RahulPatel1308/cucumber/issues{/number}&amp;quot;,
        &amp;quot;pulls_url&amp;quot;: &amp;quot;https://api.github.com/repos/RahulPatel1308/cucumber/pulls{/number}&amp;quot;,
        &amp;quot;milestones_url&amp;quot;: &amp;quot;https://api.github.com/repos/RahulPatel1308/cucumber/milestones{/number}&amp;quot;,
        &amp;quot;notifications_url&amp;quot;: &amp;quot;https://api.github.com/repos/RahulPatel1308/cucumber/notifications{?since,all,participating}&amp;quot;,
        &amp;quot;labels_url&amp;quot;: &amp;quot;https://api.github.com/repos/RahulPatel1308/cucumber/labels{/name}&amp;quot;,
        &amp;quot;releases_url&amp;quot;: &amp;quot;https://api.github.com/repos/RahulPatel1308/cucumber/releases{/id}&amp;quot;,
        &amp;quot;deployments_url&amp;quot;: &amp;quot;https://api.github.com/repos/RahulPatel1308/cucumber/deployments&amp;quot;,
        &amp;quot;created_at&amp;quot;: &amp;quot;2022-07-23T18:48:09Z&amp;quot;,
        &amp;quot;updated_at&amp;quot;: &amp;quot;2022-07-23T18:56:58Z&amp;quot;,
        &amp;quot;pushed_at&amp;quot;: &amp;quot;2022-07-23T18:56:54Z&amp;quot;,
        &amp;quot;git_url&amp;quot;: &amp;quot;git://github.com/RahulPatel1308/cucumber.git&amp;quot;,
        &amp;quot;ssh_url&amp;quot;: &amp;quot;git@github.com:RahulPatel1308/cucumber.git&amp;quot;,
        &amp;quot;clone_url&amp;quot;: &amp;quot;https://github.com/RahulPatel1308/cucumber.git&amp;quot;,
        &amp;quot;svn_url&amp;quot;: &amp;quot;https://github.com/RahulPatel1308/cucumber&amp;quot;,
        &amp;quot;homepage&amp;quot;: null,
        &amp;quot;size&amp;quot;: 33,
        &amp;quot;stargazers_count&amp;quot;: 0,
        &amp;quot;watchers_count&amp;quot;: 0,
        &amp;quot;language&amp;quot;: &amp;quot;Java&amp;quot;,
        &amp;quot;has_issues&amp;quot;: true,
        &amp;quot;has_projects&amp;quot;: true,
        &amp;quot;has_downloads&amp;quot;: true,
        &amp;quot;has_wiki&amp;quot;: true,
        &amp;quot;has_pages&amp;quot;: false,
        &amp;quot;forks_count&amp;quot;: 0,
        &amp;quot;mirror_url&amp;quot;: null,
        &amp;quot;archived&amp;quot;: false,
        &amp;quot;disabled&amp;quot;: false,
        &amp;quot;open_issues_count&amp;quot;: 0,
        &amp;quot;license&amp;quot;: null,
        &amp;quot;allow_forking&amp;quot;: true,
        &amp;quot;is_template&amp;quot;: false,
        &amp;quot;web_commit_signoff_required&amp;quot;: false,
        &amp;quot;topics&amp;quot;: [
            
        ],
        &amp;quot;visibility&amp;quot;: &amp;quot;public&amp;quot;,
        &amp;quot;forks&amp;quot;: 0,
        &amp;quot;open_issues&amp;quot;: 0,
        &amp;quot;watchers&amp;quot;: 0,
        &amp;quot;default_branch&amp;quot;: &amp;quot;master&amp;quot;,
        &amp;quot;permissions&amp;quot;: {
            &amp;quot;admin&amp;quot;: true,
            &amp;quot;maintain&amp;quot;: true,
            &amp;quot;push&amp;quot;: true,
            &amp;quot;triage&amp;quot;: true,
            &amp;quot;pull&amp;quot;: true
        }
    },
    {
        &amp;quot;id&amp;quot;: 475215948,
        &amp;quot;node_id&amp;quot;: &amp;quot;R_kgDOHFM4TA&amp;quot;,
        &amp;quot;name&amp;quot;: &amp;quot;My-projects&amp;quot;,
        &amp;quot;full_name&amp;quot;: &amp;quot;RahulPatel1308/My-projects&amp;quot;,
        &amp;quot;private&amp;quot;: true,
        &amp;quot;owner&amp;quot;: {
            &amp;quot;login&amp;quot;: &amp;quot;RahulPatel1308&amp;quot;,
            &amp;quot;id&amp;quot;: 102562031,
            &amp;quot;node_id&amp;quot;: &amp;quot;U_kgDOBhz47w&amp;quot;,
            &amp;quot;avatar_url&amp;quot;: &amp;quot;https://avatars.githubusercontent.com/u/102562031?v=4&amp;quot;,
            &amp;quot;gravatar_id&amp;quot;: &amp;quot;&amp;quot;,
            &amp;quot;url&amp;quot;: &amp;quot;https://api.github.com/users/RahulPatel1308&amp;quot;,
            &amp;quot;html_url&amp;quot;: &amp;quot;https://github.com/RahulPatel1308&amp;quot;,
            &amp;quot;followers_url&amp;quot;: &amp;quot;https://api.github.com/users/RahulPatel1308/followers&amp;quot;,
            &amp;quot;following_url&amp;quot;: &amp;quot;https://api.github.com/users/RahulPatel1308/following{/other_user}&amp;quot;,
            &amp;quot;gists_url&amp;quot;: &amp;quot;https://api.github.com/users/RahulPatel1308/gists{/gist_id}&amp;quot;,
            &amp;quot;starred_url&amp;quot;: &amp;quot;https://api.github.com/users/RahulPatel1308/starred{/owner}{/repo}&amp;quot;,
            &amp;quot;subscriptions_url&amp;quot;: &amp;quot;https://api.github.com/users/RahulPatel1308/subscriptions&amp;quot;,
            &amp;quot;organizations_url&amp;quot;: &amp;quot;https://api.github.com/users/RahulPatel1308/orgs&amp;quot;,
            &amp;quot;repos_url&amp;quot;: &amp;quot;https://api.github.com/users/RahulPatel1308/repos&amp;quot;,
            &amp;quot;events_url&amp;quot;: &amp;quot;https://api.github.com/users/RahulPatel1308/events{/privacy}&amp;quot;,
            &amp;quot;received_events_url&amp;quot;: &amp;quot;https://api.github.com/users/RahulPatel1308/received_events&amp;quot;,
            &amp;quot;type&amp;quot;: &amp;quot;User&amp;quot;,
            &amp;quot;site_admin&amp;quot;: false
        },
        &amp;quot;html_url&amp;quot;: &amp;quot;https://github.com/RahulPatel1308/My-projects&amp;quot;,
        &amp;quot;description&amp;quot;: null,
        &amp;quot;fork&amp;quot;: false,
        &amp;quot;url&amp;quot;: &amp;quot;https://api.github.com/repos/RahulPatel1308/My-projects&amp;quot;,
        &amp;quot;forks_url&amp;quot;: &amp;quot;https://api.github.com/repos/RahulPatel1308/My-projects/forks&amp;quot;,
        &amp;quot;keys_url&amp;quot;: &amp;quot;https://api.github.com/repos/RahulPatel1308/My-projects/keys{/key_id}&amp;quot;,
        &amp;quot;collaborators_url&amp;quot;: &amp;quot;https://api.github.com/repos/RahulPatel1308/My-projects/collaborators{/collaborator}&amp;quot;,
        &amp;quot;teams_url&amp;quot;: &amp;quot;https://api.github.com/repos/RahulPatel1308/My-projects/teams&amp;quot;,
        &amp;quot;hooks_url&amp;quot;: &amp;quot;https://api.github.com/repos/RahulPatel1308/My-projects/hooks&amp;quot;,
        &amp;quot;issue_events_url&amp;quot;: &amp;quot;https://api.github.com/repos/RahulPatel1308/My-projects/issues/events{/number}&amp;quot;,
        &amp;quot;events_url&amp;quot;: &amp;quot;https://api.github.com/repos/RahulPatel1308/My-projects/events&amp;quot;,
        &amp;quot;assignees_url&amp;quot;: &amp;quot;https://api.github.com/repos/RahulPatel1308/My-projects/assignees{/user}&amp;quot;,
        &amp;quot;branches_url&amp;quot;: &amp;quot;https://api.github.com/repos/RahulPatel1308/My-projects/branches{/branch}&amp;quot;,
        &amp;quot;tags_url&amp;quot;: &amp;quot;https://api.github.com/repos/RahulPatel1308/My-projects/tags&amp;quot;,
        &amp;quot;blobs_url&amp;quot;: &amp;quot;https://api.github.com/repos/RahulPatel1308/My-projects/git/blobs{/sha}&amp;quot;,
        &amp;quot;git_tags_url&amp;quot;: &amp;quot;https://api.github.com/repos/RahulPatel1308/My-projects/git/tags{/sha}&amp;quot;,
        &amp;quot;git_refs_url&amp;quot;: &amp;quot;https://api.github.com/repos/RahulPatel1308/My-projects/git/refs{/sha}&amp;quot;,
        &amp;quot;trees_url&amp;quot;: &amp;quot;https://api.github.com/repos/RahulPatel1308/My-projects/git/trees{/sha}&amp;quot;,
        &amp;quot;statuses_url&amp;quot;: &amp;quot;https://api.github.com/repos/RahulPatel1308/My-projects/statuses/{sha}&amp;quot;,
        &amp;quot;languages_url&amp;quot;: &amp;quot;https://api.github.com/repos/RahulPatel1308/My-projects/languages&amp;quot;,
        &amp;quot;stargazers_url&amp;quot;: &amp;quot;https://api.github.com/repos/RahulPatel1308/My-projects/stargazers&amp;quot;,
        &amp;quot;contributors_url&amp;quot;: &amp;quot;https://api.github.com/repos/RahulPatel1308/My-projects/contributors&amp;quot;,
        &amp;quot;subscribers_url&amp;quot;: &amp;quot;https://api.github.com/repos/RahulPatel1308/My-projects/subscribers&amp;quot;,
        &amp;quot;subscription_url&amp;quot;: &amp;quot;https://api.github.com/repos/RahulPatel1308/My-projects/subscription&amp;quot;,
        &amp;quot;commits_url&amp;quot;: &amp;quot;https://api.github.com/repos/RahulPatel1308/My-projects/commits{/sha}&amp;quot;,
        &amp;quot;git_commits_url&amp;quot;: &amp;quot;https://api.github.com/repos/RahulPatel1308/My-projects/git/commits{/sha}&amp;quot;,
        &amp;quot;comments_url&amp;quot;: &amp;quot;https://api.github.com/repos/RahulPatel1308/My-projects/comments{/number}&amp;quot;,
        &amp;quot;issue_comment_url&amp;quot;: &amp;quot;https://api.github.com/repos/RahulPatel1308/My-projects/issues/comments{/number}&amp;quot;,
        &amp;quot;contents_url&amp;quot;: &amp;quot;https://api.github.com/repos/RahulPatel1308/My-projects/contents/{+path}&amp;quot;,
        &amp;quot;compare_url&amp;quot;: &amp;quot;https://api.github.com/repos/RahulPatel1308/My-projects/compare/{base}...{head}&amp;quot;,
        &amp;quot;merges_url&amp;quot;: &amp;quot;https://api.github.com/repos/RahulPatel1308/My-projects/merges&amp;quot;,
        &amp;quot;archive_url&amp;quot;: &amp;quot;https://api.github.com/repos/RahulPatel1308/My-projects/{archive_format}{/ref}&amp;quot;,
        &amp;quot;downloads_url&amp;quot;: &amp;quot;https://api.github.com/repos/RahulPatel1308/My-projects/downloads&amp;quot;,
        &amp;quot;issues_url&amp;quot;: &amp;quot;https://api.github.com/repos/RahulPatel1308/My-projects/issues{/number}&amp;quot;,
        &amp;quot;pulls_url&amp;quot;: &amp;quot;https://api.github.com/repos/RahulPatel1308/My-projects/pulls{/number}&amp;quot;,
        &amp;quot;milestones_url&amp;quot;: &amp;quot;https://api.github.com/repos/RahulPatel1308/My-projects/milestones{/number}&amp;quot;,
        &amp;quot;notifications_url&amp;quot;: &amp;quot;https://api.github.com/repos/RahulPatel1308/My-projects/notifications{?since,all,participating}&amp;quot;,
        &amp;quot;labels_url&amp;quot;: &amp;quot;https://api.github.com/repos/RahulPatel1308/My-projects/labels{/name}&amp;quot;,
        &amp;quot;releases_url&amp;quot;: &amp;quot;https://api.github.com/repos/RahulPatel1308/My-projects/releases{/id}&amp;quot;,
        &amp;quot;deployments_url&amp;quot;: &amp;quot;https://api.github.com/repos/RahulPatel1308/My-projects/deployments&amp;quot;,
        &amp;quot;created_at&amp;quot;: &amp;quot;2022-03-28T23:49:17Z&amp;quot;,
        &amp;quot;updated_at&amp;quot;: &amp;quot;2022-04-17T19:33:52Z&amp;quot;,
        &amp;quot;pushed_at&amp;quot;: &amp;quot;2022-04-17T19:20:25Z&amp;quot;,
        &amp;quot;git_url&amp;quot;: &amp;quot;git://github.com/RahulPatel1308/My-projects.git&amp;quot;,
        &amp;quot;ssh_url&amp;quot;: &amp;quot;git@github.com:RahulPatel1308/My-projects.git&amp;quot;,
        &amp;quot;clone_url&amp;quot;: &amp;quot;https://github.com/RahulPatel1308/My-projects.git&amp;quot;,
        &amp;quot;svn_url&amp;quot;: &amp;quot;https://github.com/RahulPatel1308/My-projects&amp;quot;,
        &amp;quot;homepage&amp;quot;: null,
        &amp;quot;size&amp;quot;: 169,
        &amp;quot;stargazers_count&amp;quot;: 0,
        &amp;quot;watchers_count&amp;quot;: 0,
        &amp;quot;language&amp;quot;: &amp;quot;HTML&amp;quot;,
        &amp;quot;has_issues&amp;quot;: true,
        &amp;quot;has_projects&amp;quot;: true,
        &amp;quot;has_downloads&amp;quot;: true,
        &amp;quot;has_wiki&amp;quot;: true,
        &amp;quot;has_pages&amp;quot;: false,
        &amp;quot;forks_count&amp;quot;: 0,
        &amp;quot;mirror_url&amp;quot;: null,
        &amp;quot;archived&amp;quot;: false,
        &amp;quot;disabled&amp;quot;: false,
        &amp;quot;open_issues_count&amp;quot;: 0,
        &amp;quot;license&amp;quot;: null,
        &amp;quot;allow_forking&amp;quot;: true,
        &amp;quot;is_template&amp;quot;: false,
        &amp;quot;web_commit_signoff_required&amp;quot;: false,
        &amp;quot;topics&amp;quot;: [
            
        ],
        &amp;quot;visibility&amp;quot;: &amp;quot;private&amp;quot;,
        &amp;quot;forks&amp;quot;: 0,
        &amp;quot;open_issues&amp;quot;: 0,
        &amp;quot;watchers&amp;quot;: 0,
        &amp;quot;default_branch&amp;quot;: &amp;quot;master&amp;quot;,
        &amp;quot;permissions&amp;quot;: {
            &amp;quot;admin&amp;quot;: true,
            &amp;quot;maintain&amp;quot;: true,
            &amp;quot;push&amp;quot;: true,
            &amp;quot;triage&amp;quot;: true,
            &amp;quot;pull&amp;quot;: true
        }
    }
]] but found [200]">
      <![CDATA[java.lang.AssertionError: expected [[
    {
        "id": 517139006,
        "node_id": "R_kgDOHtLqPg",
        "name": "cucumber",
        "full_name": "RahulPatel1308/cucumber",
        "private": false,
        "owner": {
            "login": "RahulPatel1308",
            "id": 102562031,
            "node_id": "U_kgDOBhz47w",
            "avatar_url": "https://avatars.githubusercontent.com/u/102562031?v=4",
            "gravatar_id": "",
            "url": "https://api.github.com/users/RahulPatel1308",
            "html_url": "https://github.com/RahulPatel1308",
            "followers_url": "https://api.github.com/users/RahulPatel1308/followers",
            "following_url": "https://api.github.com/users/RahulPatel1308/following{/other_user}",
            "gists_url": "https://api.github.com/users/RahulPatel1308/gists{/gist_id}",
            "starred_url": "https://api.github.com/users/RahulPatel1308/starred{/owner}{/repo}",
            "subscriptions_url": "https://api.github.com/users/RahulPatel1308/subscriptions",
            "organizations_url": "https://api.github.com/users/RahulPatel1308/orgs",
            "repos_url": "https://api.github.com/users/RahulPatel1308/repos",
            "events_url": "https://api.github.com/users/RahulPatel1308/events{/privacy}",
            "received_events_url": "https://api.github.com/users/RahulPatel1308/received_events",
            "type": "User",
            "site_admin": false
        },
        "html_url": "https://github.com/RahulPatel1308/cucumber",
        "description": null,
        "fork": false,
        "url": "https://api.github.com/repos/RahulPatel1308/cucumber",
        "forks_url": "https://api.github.com/repos/RahulPatel1308/cucumber/forks",
        "keys_url": "https://api.github.com/repos/RahulPatel1308/cucumber/keys{/key_id}",
        "collaborators_url": "https://api.github.com/repos/RahulPatel1308/cucumber/collaborators{/collaborator}",
        "teams_url": "https://api.github.com/repos/RahulPatel1308/cucumber/teams",
        "hooks_url": "https://api.github.com/repos/RahulPatel1308/cucumber/hooks",
        "issue_events_url": "https://api.github.com/repos/RahulPatel1308/cucumber/issues/events{/number}",
        "events_url": "https://api.github.com/repos/RahulPatel1308/cucumber/events",
        "assignees_url": "https://api.github.com/repos/RahulPatel1308/cucumber/assignees{/user}",
        "branches_url": "https://api.github.com/repos/RahulPatel1308/cucumber/branches{/branch}",
        "tags_url": "https://api.github.com/repos/RahulPatel1308/cucumber/tags",
        "blobs_url": "https://api.github.com/repos/RahulPatel1308/cucumber/git/blobs{/sha}",
        "git_tags_url": "https://api.github.com/repos/RahulPatel1308/cucumber/git/tags{/sha}",
        "git_refs_url": "https://api.github.com/repos/RahulPatel1308/cucumber/git/refs{/sha}",
        "trees_url": "https://api.github.com/repos/RahulPatel1308/cucumber/git/trees{/sha}",
        "statuses_url": "https://api.github.com/repos/RahulPatel1308/cucumber/statuses/{sha}",
        "languages_url": "https://api.github.com/repos/RahulPatel1308/cucumber/languages",
        "stargazers_url": "https://api.github.com/repos/RahulPatel1308/cucumber/stargazers",
        "contributors_url": "https://api.github.com/repos/RahulPatel1308/cucumber/contributors",
        "subscribers_url": "https://api.github.com/repos/RahulPatel1308/cucumber/subscribers",
        "subscription_url": "https://api.github.com/repos/RahulPatel1308/cucumber/subscription",
        "commits_url": "https://api.github.com/repos/RahulPatel1308/cucumber/commits{/sha}",
        "git_commits_url": "https://api.github.com/repos/RahulPatel1308/cucumber/git/commits{/sha}",
        "comments_url": "https://api.github.com/repos/RahulPatel1308/cucumber/comments{/number}",
        "issue_comment_url": "https://api.github.com/repos/RahulPatel1308/cucumber/issues/comments{/number}",
        "contents_url": "https://api.github.com/repos/RahulPatel1308/cucumber/contents/{+path}",
        "compare_url": "https://api.github.com/repos/RahulPatel1308/cucumber/compare/{base}...{head}",
        "merges_url": "https://api.github.com/repos/RahulPatel1308/cucumber/merges",
        "archive_url": "https://api.github.com/repos/RahulPatel1308/cucumber/{archive_format}{/ref}",
        "downloads_url": "https://api.github.com/repos/RahulPatel1308/cucumber/downloads",
        "issues_url": "https://api.github.com/repos/RahulPatel1308/cucumber/issues{/number}",
        "pulls_url": "https://api.github.com/repos/RahulPatel1308/cucumber/pulls{/number}",
        "milestones_url": "https://api.github.com/repos/RahulPatel1308/cucumber/milestones{/number}",
        "notifications_url": "https://api.github.com/repos/RahulPatel1308/cucumber/notifications{?since,all,participating}",
        "labels_url": "https://api.github.com/repos/RahulPatel1308/cucumber/labels{/name}",
        "releases_url": "https://api.github.com/repos/RahulPatel1308/cucumber/releases{/id}",
        "deployments_url": "https://api.github.com/repos/RahulPatel1308/cucumber/deployments",
        "created_at": "2022-07-23T18:48:09Z",
        "updated_at": "2022-07-23T18:56:58Z",
        "pushed_at": "2022-07-23T18:56:54Z",
        "git_url": "git://github.com/RahulPatel1308/cucumber.git",
        "ssh_url": "git@github.com:RahulPatel1308/cucumber.git",
        "clone_url": "https://github.com/RahulPatel1308/cucumber.git",
        "svn_url": "https://github.com/RahulPatel1308/cucumber",
        "homepage": null,
        "size": 33,
        "stargazers_count": 0,
        "watchers_count": 0,
        "language": "Java",
        "has_issues": true,
        "has_projects": true,
        "has_downloads": true,
        "has_wiki": true,
        "has_pages": false,
        "forks_count": 0,
        "mirror_url": null,
        "archived": false,
        "disabled": false,
        "open_issues_count": 0,
        "license": null,
        "allow_forking": true,
        "is_template": false,
        "web_commit_signoff_required": false,
        "topics": [
            
        ],
        "visibility": "public",
        "forks": 0,
        "open_issues": 0,
        "watchers": 0,
        "default_branch": "master",
        "permissions": {
            "admin": true,
            "maintain": true,
            "push": true,
            "triage": true,
            "pull": true
        }
    },
    {
        "id": 475215948,
        "node_id": "R_kgDOHFM4TA",
        "name": "My-projects",
        "full_name": "RahulPatel1308/My-projects",
        "private": true,
        "owner": {
            "login": "RahulPatel1308",
            "id": 102562031,
            "node_id": "U_kgDOBhz47w",
            "avatar_url": "https://avatars.githubusercontent.com/u/102562031?v=4",
            "gravatar_id": "",
            "url": "https://api.github.com/users/RahulPatel1308",
            "html_url": "https://github.com/RahulPatel1308",
            "followers_url": "https://api.github.com/users/RahulPatel1308/followers",
            "following_url": "https://api.github.com/users/RahulPatel1308/following{/other_user}",
            "gists_url": "https://api.github.com/users/RahulPatel1308/gists{/gist_id}",
            "starred_url": "https://api.github.com/users/RahulPatel1308/starred{/owner}{/repo}",
            "subscriptions_url": "https://api.github.com/users/RahulPatel1308/subscriptions",
            "organizations_url": "https://api.github.com/users/RahulPatel1308/orgs",
            "repos_url": "https://api.github.com/users/RahulPatel1308/repos",
            "events_url": "https://api.github.com/users/RahulPatel1308/events{/privacy}",
            "received_events_url": "https://api.github.com/users/RahulPatel1308/received_events",
            "type": "User",
            "site_admin": false
        },
        "html_url": "https://github.com/RahulPatel1308/My-projects",
        "description": null,
        "fork": false,
        "url": "https://api.github.com/repos/RahulPatel1308/My-projects",
        "forks_url": "https://api.github.com/repos/RahulPatel1308/My-projects/forks",
        "keys_url": "https://api.github.com/repos/RahulPatel1308/My-projects/keys{/key_id}",
        "collaborators_url": "https://api.github.com/repos/RahulPatel1308/My-projects/collaborators{/collaborator}",
        "teams_url": "https://api.github.com/repos/RahulPatel1308/My-projects/teams",
        "hooks_url": "https://api.github.com/repos/RahulPatel1308/My-projects/hooks",
        "issue_events_url": "https://api.github.com/repos/RahulPatel1308/My-projects/issues/events{/number}",
        "events_url": "https://api.github.com/repos/RahulPatel1308/My-projects/events",
        "assignees_url": "https://api.github.com/repos/RahulPatel1308/My-projects/assignees{/user}",
        "branches_url": "https://api.github.com/repos/RahulPatel1308/My-projects/branches{/branch}",
        "tags_url": "https://api.github.com/repos/RahulPatel1308/My-projects/tags",
        "blobs_url": "https://api.github.com/repos/RahulPatel1308/My-projects/git/blobs{/sha}",
        "git_tags_url": "https://api.github.com/repos/RahulPatel1308/My-projects/git/tags{/sha}",
        "git_refs_url": "https://api.github.com/repos/RahulPatel1308/My-projects/git/refs{/sha}",
        "trees_url": "https://api.github.com/repos/RahulPatel1308/My-projects/git/trees{/sha}",
        "statuses_url": "https://api.github.com/repos/RahulPatel1308/My-projects/statuses/{sha}",
        "languages_url": "https://api.github.com/repos/RahulPatel1308/My-projects/languages",
        "stargazers_url": "https://api.github.com/repos/RahulPatel1308/My-projects/stargazers",
        "contributors_url": "https://api.github.com/repos/RahulPatel1308/My-projects/contributors",
        "subscribers_url": "https://api.github.com/repos/RahulPatel1308/My-projects/subscribers",
        "subscription_url": "https://api.github.com/repos/RahulPatel1308/My-projects/subscription",
        "commits_url": "https://api.github.com/repos/RahulPatel1308/My-projects/commits{/sha}",
        "git_commits_url": "https://api.github.com/repos/RahulPatel1308/My-projects/git/commits{/sha}",
        "comments_url": "https://api.github.com/repos/RahulPatel1308/My-projects/comments{/number}",
        "issue_comment_url": "https://api.github.com/repos/RahulPatel1308/My-projects/issues/comments{/number}",
        "contents_url": "https://api.github.com/repos/RahulPatel1308/My-projects/contents/{+path}",
        "compare_url": "https://api.github.com/repos/RahulPatel1308/My-projects/compare/{base}...{head}",
        "merges_url": "https://api.github.com/repos/RahulPatel1308/My-projects/merges",
        "archive_url": "https://api.github.com/repos/RahulPatel1308/My-projects/{archive_format}{/ref}",
        "downloads_url": "https://api.github.com/repos/RahulPatel1308/My-projects/downloads",
        "issues_url": "https://api.github.com/repos/RahulPatel1308/My-projects/issues{/number}",
        "pulls_url": "https://api.github.com/repos/RahulPatel1308/My-projects/pulls{/number}",
        "milestones_url": "https://api.github.com/repos/RahulPatel1308/My-projects/milestones{/number}",
        "notifications_url": "https://api.github.com/repos/RahulPatel1308/My-projects/notifications{?since,all,participating}",
        "labels_url": "https://api.github.com/repos/RahulPatel1308/My-projects/labels{/name}",
        "releases_url": "https://api.github.com/repos/RahulPatel1308/My-projects/releases{/id}",
        "deployments_url": "https://api.github.com/repos/RahulPatel1308/My-projects/deployments",
        "created_at": "2022-03-28T23:49:17Z",
        "updated_at": "2022-04-17T19:33:52Z",
        "pushed_at": "2022-04-17T19:20:25Z",
        "git_url": "git://github.com/RahulPatel1308/My-projects.git",
        "ssh_url": "git@github.com:RahulPatel1308/My-projects.git",
        "clone_url": "https://github.com/RahulPatel1308/My-projects.git",
        "svn_url": "https://github.com/RahulPatel1308/My-projects",
        "homepage": null,
        "size": 169,
        "stargazers_count": 0,
        "watchers_count": 0,
        "language": "HTML",
        "has_issues": true,
        "has_projects": true,
        "has_downloads": true,
        "has_wiki": true,
        "has_pages": false,
        "forks_count": 0,
        "mirror_url": null,
        "archived": false,
        "disabled": false,
        "open_issues_count": 0,
        "license": null,
        "allow_forking": true,
        "is_template": false,
        "web_commit_signoff_required": false,
        "topics": [
            
        ],
        "visibility": "private",
        "forks": 0,
        "open_issues": 0,
        "watchers": 0,
        "default_branch": "master",
        "permissions": {
            "admin": true,
            "maintain": true,
            "push": true,
            "triage": true,
            "pull": true
        }
    }
]] but found [200]
at org.testng.Assert.fail(Assert.java:99)
at org.testng.Assert.failNotEquals(Assert.java:1037)
at org.testng.Assert.assertEqualsImpl(Assert.java:140)
at org.testng.Assert.assertEquals(Assert.java:122)
at org.testng.Assert.assertEquals(Assert.java:617)
at calls.GithubAPI.verifyrepo(GithubAPI.java:22)
at java.base/jdk.internal.reflect.NativeMethodAccessorImpl.invoke0(Native Method)
at java.base/jdk.internal.reflect.NativeMethodAccessorImpl.invoke(NativeMethodAccessorImpl.java:77)
at java.base/jdk.internal.reflect.DelegatingMethodAccessorImpl.invoke(DelegatingMethodAccessorImpl.java:43)
at java.base/java.lang.reflect.Method.invoke(Method.java:568)
at org.testng.internal.MethodInvocationHelper.invokeMethod(MethodInvocationHelper.java:133)
at org.testng.internal.TestInvoker.invokeMethod(TestInvoker.java:598)
at org.testng.internal.TestInvoker.invokeTestMethod(TestInvoker.java:173)
at org.testng.internal.MethodRunner.runInSequence(MethodRunner.java:46)
at org.testng.internal.TestInvoker$MethodInvocationAgent.invoke(TestInvoker.java:824)
at org.testng.internal.TestInvoker.invokeTestMethods(TestInvoker.java:146)
at org.testng.internal.TestMethodWorker.invokeTestMethods(TestMethodWorker.java:146)
at org.testng.internal.TestMethodWorker.run(TestMethodWorker.java:128)
at java.base/java.util.ArrayList.forEach(ArrayList.java:1511)
at org.testng.TestRunner.privateRun(TestRunner.java:794)
at org.testng.TestRunner.run(TestRunner.java:596)
at org.testng.SuiteRunner.runTest(SuiteRunner.java:377)
at org.testng.SuiteRunner.runSequentially(SuiteRunner.java:371)
at org.testng.SuiteRunner.privateRun(SuiteRunner.java:332)
at org.testng.SuiteRunner.run(SuiteRunner.java:276)
at org.testng.SuiteRunnerWorker.runSuite(SuiteRunnerWorker.java:53)
at org.testng.SuiteRunnerWorker.run(SuiteRunnerWorker.java:96)
at org.testng.TestNG.runSuitesSequentially(TestNG.java:1212)
at org.testng.TestNG.runSuitesLocally(TestNG.java:1134)
at org.testng.TestNG.runSuites(TestNG.java:1063)
at org.testng.TestNG.run(TestNG.java:1031)
at org.testng.remote.AbstractRemoteTestNG.run(AbstractRemoteTestNG.java:115)
at org.testng.remote.RemoteTestNG.initAndRun(RemoteTestNG.java:251)
at org.testng.remote.RemoteTestNG.main(RemoteTestNG.java:77)
]]>
    </failure>
  </testcase> <!-- verifyrepo -->
</testsuite> <!-- Default test -->
