<?xml version="1.0" encoding="UTF-8"?>
<testng-results ignored="0" total="1" passed="0" failed="1" skipped="0">
  <reporter-output>
  </reporter-output>
  <suite started-at="2022-08-29T19:20:13 EDT" name="Default suite" finished-at="2022-08-29T19:20:15 EDT" duration-ms="2061">
    <groups>
    </groups>
    <test started-at="2022-08-29T19:20:13 EDT" name="Default test" finished-at="2022-08-29T19:20:15 EDT" duration-ms="2061">
      <class name="calls.GithubAPI">
        <test-method signature="verifyrepo()[pri:0, instance:calls.GithubAPI@3ba9ad43]" started-at="2022-08-29T19:20:13 EDT" name="verifyrepo" finished-at="2022-08-29T19:20:15 EDT" duration-ms="2023" status="FAIL">
          <exception class="java.lang.AssertionError">
            <message>
              <![CDATA[expected [[
    {
        "id": 517139006,
        "node_id": "R_kgDOHtLqPg",
        "name": "cucumber",
        "full_name": "RahulPatel1308/cucumber",
        "private": false,
        "owner": {
            "login": "RahulPatel1308",
            "id": 102562031,
            "node_id": "U_kgDOBhz47w",
            "avatar_url": "https://avatars.githubusercontent.com/u/102562031?v=4",
            "gravatar_id": "",
            "url": "https://api.github.com/users/RahulPatel1308",
            "html_url": "https://github.com/RahulPatel1308",
            "followers_url": "https://api.github.com/users/RahulPatel1308/followers",
            "following_url": "https://api.github.com/users/RahulPatel1308/following{/other_user}",
            "gists_url": "https://api.github.com/users/RahulPatel1308/gists{/gist_id}",
            "starred_url": "https://api.github.com/users/RahulPatel1308/starred{/owner}{/repo}",
            "subscriptions_url": "https://api.github.com/users/RahulPatel1308/subscriptions",
            "organizations_url": "https://api.github.com/users/RahulPatel1308/orgs",
            "repos_url": "https://api.github.com/users/RahulPatel1308/repos",
            "events_url": "https://api.github.com/users/RahulPatel1308/events{/privacy}",
            "received_events_url": "https://api.github.com/users/RahulPatel1308/received_events",
            "type": "User",
            "site_admin": false
        },
        "html_url": "https://github.com/RahulPatel1308/cucumber",
        "description": null,
        "fork": false,
        "url": "https://api.github.com/repos/RahulPatel1308/cucumber",
        "forks_url": "https://api.github.com/repos/RahulPatel1308/cucumber/forks",
        "keys_url": "https://api.github.com/repos/RahulPatel1308/cucumber/keys{/key_id}",
        "collaborators_url": "https://api.github.com/repos/RahulPatel1308/cucumber/collaborators{/collaborator}",
        "teams_url": "https://api.github.com/repos/RahulPatel1308/cucumber/teams",
        "hooks_url": "https://api.github.com/repos/RahulPatel1308/cucumber/hooks",
        "issue_events_url": "https://api.github.com/repos/RahulPatel1308/cucumber/issues/events{/number}",
        "events_url": "https://api.github.com/repos/RahulPatel1308/cucumber/events",
        "assignees_url": "https://api.github.com/repos/RahulPatel1308/cucumber/assignees{/user}",
        "branches_url": "https://api.github.com/repos/RahulPatel1308/cucumber/branches{/branch}",
        "tags_url": "https://api.github.com/repos/RahulPatel1308/cucumber/tags",
        "blobs_url": "https://api.github.com/repos/RahulPatel1308/cucumber/git/blobs{/sha}",
        "git_tags_url": "https://api.github.com/repos/RahulPatel1308/cucumber/git/tags{/sha}",
        "git_refs_url": "https://api.github.com/repos/RahulPatel1308/cucumber/git/refs{/sha}",
        "trees_url": "https://api.github.com/repos/RahulPatel1308/cucumber/git/trees{/sha}",
        "statuses_url": "https://api.github.com/repos/RahulPatel1308/cucumber/statuses/{sha}",
        "languages_url": "https://api.github.com/repos/RahulPatel1308/cucumber/languages",
        "stargazers_url": "https://api.github.com/repos/RahulPatel1308/cucumber/stargazers",
        "contributors_url": "https://api.github.com/repos/RahulPatel1308/cucumber/contributors",
        "subscribers_url": "https://api.github.com/repos/RahulPatel1308/cucumber/subscribers",
        "subscription_url": "https://api.github.com/repos/RahulPatel1308/cucumber/subscription",
        "commits_url": "https://api.github.com/repos/RahulPatel1308/cucumber/commits{/sha}",
        "git_commits_url": "https://api.github.com/repos/RahulPatel1308/cucumber/git/commits{/sha}",
        "comments_url": "https://api.github.com/repos/RahulPatel1308/cucumber/comments{/number}",
        "issue_comment_url": "https://api.github.com/repos/RahulPatel1308/cucumber/issues/comments{/number}",
        "contents_url": "https://api.github.com/repos/RahulPatel1308/cucumber/contents/{+path}",
        "compare_url": "https://api.github.com/repos/RahulPatel1308/cucumber/compare/{base}...{head}",
        "merges_url": "https://api.github.com/repos/RahulPatel1308/cucumber/merges",
        "archive_url": "https://api.github.com/repos/RahulPatel1308/cucumber/{archive_format}{/ref}",
        "downloads_url": "https://api.github.com/repos/RahulPatel1308/cucumber/downloads",
        "issues_url": "https://api.github.com/repos/RahulPatel1308/cucumber/issues{/number}",
        "pulls_url": "https://api.github.com/repos/RahulPatel1308/cucumber/pulls{/number}",
        "milestones_url": "https://api.github.com/repos/RahulPatel1308/cucumber/milestones{/number}",
        "notifications_url": "https://api.github.com/repos/RahulPatel1308/cucumber/notifications{?since,all,participating}",
        "labels_url": "https://api.github.com/repos/RahulPatel1308/cucumber/labels{/name}",
        "releases_url": "https://api.github.com/repos/RahulPatel1308/cucumber/releases{/id}",
        "deployments_url": "https://api.github.com/repos/RahulPatel1308/cucumber/deployments",
        "created_at": "2022-07-23T18:48:09Z",
        "updated_at": "2022-07-23T18:56:58Z",
        "pushed_at": "2022-07-23T18:56:54Z",
        "git_url": "git://github.com/RahulPatel1308/cucumber.git",
        "ssh_url": "git@github.com:RahulPatel1308/cucumber.git",
        "clone_url": "https://github.com/RahulPatel1308/cucumber.git",
        "svn_url": "https://github.com/RahulPatel1308/cucumber",
        "homepage": null,
        "size": 33,
        "stargazers_count": 0,
        "watchers_count": 0,
        "language": "Java",
        "has_issues": true,
        "has_projects": true,
        "has_downloads": true,
        "has_wiki": true,
        "has_pages": false,
        "forks_count": 0,
        "mirror_url": null,
        "archived": false,
        "disabled": false,
        "open_issues_count": 0,
        "license": null,
        "allow_forking": true,
        "is_template": false,
        "web_commit_signoff_required": false,
        "topics": [
            
        ],
        "visibility": "public",
        "forks": 0,
        "open_issues": 0,
        "watchers": 0,
        "default_branch": "master",
        "permissions": {
            "admin": true,
            "maintain": true,
            "push": true,
            "triage": true,
            "pull": true
        }
    },
    {
        "id": 475215948,
        "node_id": "R_kgDOHFM4TA",
        "name": "My-projects",
        "full_name": "RahulPatel1308/My-projects",
        "private": true,
        "owner": {
            "login": "RahulPatel1308",
            "id": 102562031,
            "node_id": "U_kgDOBhz47w",
            "avatar_url": "https://avatars.githubusercontent.com/u/102562031?v=4",
            "gravatar_id": "",
            "url": "https://api.github.com/users/RahulPatel1308",
            "html_url": "https://github.com/RahulPatel1308",
            "followers_url": "https://api.github.com/users/RahulPatel1308/followers",
            "following_url": "https://api.github.com/users/RahulPatel1308/following{/other_user}",
            "gists_url": "https://api.github.com/users/RahulPatel1308/gists{/gist_id}",
            "starred_url": "https://api.github.com/users/RahulPatel1308/starred{/owner}{/repo}",
            "subscriptions_url": "https://api.github.com/users/RahulPatel1308/subscriptions",
            "organizations_url": "https://api.github.com/users/RahulPatel1308/orgs",
            "repos_url": "https://api.github.com/users/RahulPatel1308/repos",
            "events_url": "https://api.github.com/users/RahulPatel1308/events{/privacy}",
            "received_events_url": "https://api.github.com/users/RahulPatel1308/received_events",
            "type": "User",
            "site_admin": false
        },
        "html_url": "https://github.com/RahulPatel1308/My-projects",
        "description": null,
        "fork": false,
        "url": "https://api.github.com/repos/RahulPatel1308/My-projects",
        "forks_url": "https://api.github.com/repos/RahulPatel1308/My-projects/forks",
        "keys_url": "https://api.github.com/repos/RahulPatel1308/My-projects/keys{/key_id}",
        "collaborators_url": "https://api.github.com/repos/RahulPatel1308/My-projects/collaborators{/collaborator}",
        "teams_url": "https://api.github.com/repos/RahulPatel1308/My-projects/teams",
        "hooks_url": "https://api.github.com/repos/RahulPatel1308/My-projects/hooks",
        "issue_events_url": "https://api.github.com/repos/RahulPatel1308/My-projects/issues/events{/number}",
        "events_url": "https://api.github.com/repos/RahulPatel1308/My-projects/events",
        "assignees_url": "https://api.github.com/repos/RahulPatel1308/My-projects/assignees{/user}",
        "branches_url": "https://api.github.com/repos/RahulPatel1308/My-projects/branches{/branch}",
        "tags_url": "https://api.github.com/repos/RahulPatel1308/My-projects/tags",
        "blobs_url": "https://api.github.com/repos/RahulPatel1308/My-projects/git/blobs{/sha}",
        "git_tags_url": "https://api.github.com/repos/RahulPatel1308/My-projects/git/tags{/sha}",
        "git_refs_url": "https://api.github.com/repos/RahulPatel1308/My-projects/git/refs{/sha}",
        "trees_url": "https://api.github.com/repos/RahulPatel1308/My-projects/git/trees{/sha}",
        "statuses_url": "https://api.github.com/repos/RahulPatel1308/My-projects/statuses/{sha}",
        "languages_url": "https://api.github.com/repos/RahulPatel1308/My-projects/languages",
        "stargazers_url": "https://api.github.com/repos/RahulPatel1308/My-projects/stargazers",
        "contributors_url": "https://api.github.com/repos/RahulPatel1308/My-projects/contributors",
        "subscribers_url": "https://api.github.com/repos/RahulPatel1308/My-projects/subscribers",
        "subscription_url": "https://api.github.com/repos/RahulPatel1308/My-projects/subscription",
        "commits_url": "https://api.github.com/repos/RahulPatel1308/My-projects/commits{/sha}",
        "git_commits_url": "https://api.github.com/repos/RahulPatel1308/My-projects/git/commits{/sha}",
        "comments_url": "https://api.github.com/repos/RahulPatel1308/My-projects/comments{/number}",
        "issue_comment_url": "https://api.github.com/repos/RahulPatel1308/My-projects/issues/comments{/number}",
        "contents_url": "https://api.github.com/repos/RahulPatel1308/My-projects/contents/{+path}",
        "compare_url": "https://api.github.com/repos/RahulPatel1308/My-projects/compare/{base}...{head}",
        "merges_url": "https://api.github.com/repos/RahulPatel1308/My-projects/merges",
        "archive_url": "https://api.github.com/repos/RahulPatel1308/My-projects/{archive_format}{/ref}",
        "downloads_url": "https://api.github.com/repos/RahulPatel1308/My-projects/downloads",
        "issues_url": "https://api.github.com/repos/RahulPatel1308/My-projects/issues{/number}",
        "pulls_url": "https://api.github.com/repos/RahulPatel1308/My-projects/pulls{/number}",
        "milestones_url": "https://api.github.com/repos/RahulPatel1308/My-projects/milestones{/number}",
        "notifications_url": "https://api.github.com/repos/RahulPatel1308/My-projects/notifications{?since,all,participating}",
        "labels_url": "https://api.github.com/repos/RahulPatel1308/My-projects/labels{/name}",
        "releases_url": "https://api.github.com/repos/RahulPatel1308/My-projects/releases{/id}",
        "deployments_url": "https://api.github.com/repos/RahulPatel1308/My-projects/deployments",
        "created_at": "2022-03-28T23:49:17Z",
        "updated_at": "2022-04-17T19:33:52Z",
        "pushed_at": "2022-04-17T19:20:25Z",
        "git_url": "git://github.com/RahulPatel1308/My-projects.git",
        "ssh_url": "git@github.com:RahulPatel1308/My-projects.git",
        "clone_url": "https://github.com/RahulPatel1308/My-projects.git",
        "svn_url": "https://github.com/RahulPatel1308/My-projects",
        "homepage": null,
        "size": 169,
        "stargazers_count": 0,
        "watchers_count": 0,
        "language": "HTML",
        "has_issues": true,
        "has_projects": true,
        "has_downloads": true,
        "has_wiki": true,
        "has_pages": false,
        "forks_count": 0,
        "mirror_url": null,
        "archived": false,
        "disabled": false,
        "open_issues_count": 0,
        "license": null,
        "allow_forking": true,
        "is_template": false,
        "web_commit_signoff_required": false,
        "topics": [
            
        ],
        "visibility": "private",
        "forks": 0,
        "open_issues": 0,
        "watchers": 0,
        "default_branch": "master",
        "permissions": {
            "admin": true,
            "maintain": true,
            "push": true,
            "triage": true,
            "pull": true
        }
    }
]] but found [200]]]>
            </message>
            <full-stacktrace>
              <![CDATA[java.lang.AssertionError: expected [[
    {
        "id": 517139006,
        "node_id": "R_kgDOHtLqPg",
        "name": "cucumber",
        "full_name": "RahulPatel1308/cucumber",
        "private": false,
        "owner": {
            "login": "RahulPatel1308",
            "id": 102562031,
            "node_id": "U_kgDOBhz47w",
            "avatar_url": "https://avatars.githubusercontent.com/u/102562031?v=4",
            "gravatar_id": "",
            "url": "https://api.github.com/users/RahulPatel1308",
            "html_url": "https://github.com/RahulPatel1308",
            "followers_url": "https://api.github.com/users/RahulPatel1308/followers",
            "following_url": "https://api.github.com/users/RahulPatel1308/following{/other_user}",
            "gists_url": "https://api.github.com/users/RahulPatel1308/gists{/gist_id}",
            "starred_url": "https://api.github.com/users/RahulPatel1308/starred{/owner}{/repo}",
            "subscriptions_url": "https://api.github.com/users/RahulPatel1308/subscriptions",
            "organizations_url": "https://api.github.com/users/RahulPatel1308/orgs",
            "repos_url": "https://api.github.com/users/RahulPatel1308/repos",
            "events_url": "https://api.github.com/users/RahulPatel1308/events{/privacy}",
            "received_events_url": "https://api.github.com/users/RahulPatel1308/received_events",
            "type": "User",
            "site_admin": false
        },
        "html_url": "https://github.com/RahulPatel1308/cucumber",
        "description": null,
        "fork": false,
        "url": "https://api.github.com/repos/RahulPatel1308/cucumber",
        "forks_url": "https://api.github.com/repos/RahulPatel1308/cucumber/forks",
        "keys_url": "https://api.github.com/repos/RahulPatel1308/cucumber/keys{/key_id}",
        "collaborators_url": "https://api.github.com/repos/RahulPatel1308/cucumber/collaborators{/collaborator}",
        "teams_url": "https://api.github.com/repos/RahulPatel1308/cucumber/teams",
        "hooks_url": "https://api.github.com/repos/RahulPatel1308/cucumber/hooks",
        "issue_events_url": "https://api.github.com/repos/RahulPatel1308/cucumber/issues/events{/number}",
        "events_url": "https://api.github.com/repos/RahulPatel1308/cucumber/events",
        "assignees_url": "https://api.github.com/repos/RahulPatel1308/cucumber/assignees{/user}",
        "branches_url": "https://api.github.com/repos/RahulPatel1308/cucumber/branches{/branch}",
        "tags_url": "https://api.github.com/repos/RahulPatel1308/cucumber/tags",
        "blobs_url": "https://api.github.com/repos/RahulPatel1308/cucumber/git/blobs{/sha}",
        "git_tags_url": "https://api.github.com/repos/RahulPatel1308/cucumber/git/tags{/sha}",
        "git_refs_url": "https://api.github.com/repos/RahulPatel1308/cucumber/git/refs{/sha}",
        "trees_url": "https://api.github.com/repos/RahulPatel1308/cucumber/git/trees{/sha}",
        "statuses_url": "https://api.github.com/repos/RahulPatel1308/cucumber/statuses/{sha}",
        "languages_url": "https://api.github.com/repos/RahulPatel1308/cucumber/languages",
        "stargazers_url": "https://api.github.com/repos/RahulPatel1308/cucumber/stargazers",
        "contributors_url": "https://api.github.com/repos/RahulPatel1308/cucumber/contributors",
        "subscribers_url": "https://api.github.com/repos/RahulPatel1308/cucumber/subscribers",
        "subscription_url": "https://api.github.com/repos/RahulPatel1308/cucumber/subscription",
        "commits_url": "https://api.github.com/repos/RahulPatel1308/cucumber/commits{/sha}",
        "git_commits_url": "https://api.github.com/repos/RahulPatel1308/cucumber/git/commits{/sha}",
        "comments_url": "https://api.github.com/repos/RahulPatel1308/cucumber/comments{/number}",
        "issue_comment_url": "https://api.github.com/repos/RahulPatel1308/cucumber/issues/comments{/number}",
        "contents_url": "https://api.github.com/repos/RahulPatel1308/cucumber/contents/{+path}",
        "compare_url": "https://api.github.com/repos/RahulPatel1308/cucumber/compare/{base}...{head}",
        "merges_url": "https://api.github.com/repos/RahulPatel1308/cucumber/merges",
        "archive_url": "https://api.github.com/repos/RahulPatel1308/cucumber/{archive_format}{/ref}",
        "downloads_url": "https://api.github.com/repos/RahulPatel1308/cucumber/downloads",
        "issues_url": "https://api.github.com/repos/RahulPatel1308/cucumber/issues{/number}",
        "pulls_url": "https://api.github.com/repos/RahulPatel1308/cucumber/pulls{/number}",
        "milestones_url": "https://api.github.com/repos/RahulPatel1308/cucumber/milestones{/number}",
        "notifications_url": "https://api.github.com/repos/RahulPatel1308/cucumber/notifications{?since,all,participating}",
        "labels_url": "https://api.github.com/repos/RahulPatel1308/cucumber/labels{/name}",
        "releases_url": "https://api.github.com/repos/RahulPatel1308/cucumber/releases{/id}",
        "deployments_url": "https://api.github.com/repos/RahulPatel1308/cucumber/deployments",
        "created_at": "2022-07-23T18:48:09Z",
        "updated_at": "2022-07-23T18:56:58Z",
        "pushed_at": "2022-07-23T18:56:54Z",
        "git_url": "git://github.com/RahulPatel1308/cucumber.git",
        "ssh_url": "git@github.com:RahulPatel1308/cucumber.git",
        "clone_url": "https://github.com/RahulPatel1308/cucumber.git",
        "svn_url": "https://github.com/RahulPatel1308/cucumber",
        "homepage": null,
        "size": 33,
        "stargazers_count": 0,
        "watchers_count": 0,
        "language": "Java",
        "has_issues": true,
        "has_projects": true,
        "has_downloads": true,
        "has_wiki": true,
        "has_pages": false,
        "forks_count": 0,
        "mirror_url": null,
        "archived": false,
        "disabled": false,
        "open_issues_count": 0,
        "license": null,
        "allow_forking": true,
        "is_template": false,
        "web_commit_signoff_required": false,
        "topics": [
            
        ],
        "visibility": "public",
        "forks": 0,
        "open_issues": 0,
        "watchers": 0,
        "default_branch": "master",
        "permissions": {
            "admin": true,
            "maintain": true,
            "push": true,
            "triage": true,
            "pull": true
        }
    },
    {
        "id": 475215948,
        "node_id": "R_kgDOHFM4TA",
        "name": "My-projects",
        "full_name": "RahulPatel1308/My-projects",
        "private": true,
        "owner": {
            "login": "RahulPatel1308",
            "id": 102562031,
            "node_id": "U_kgDOBhz47w",
            "avatar_url": "https://avatars.githubusercontent.com/u/102562031?v=4",
            "gravatar_id": "",
            "url": "https://api.github.com/users/RahulPatel1308",
            "html_url": "https://github.com/RahulPatel1308",
            "followers_url": "https://api.github.com/users/RahulPatel1308/followers",
            "following_url": "https://api.github.com/users/RahulPatel1308/following{/other_user}",
            "gists_url": "https://api.github.com/users/RahulPatel1308/gists{/gist_id}",
            "starred_url": "https://api.github.com/users/RahulPatel1308/starred{/owner}{/repo}",
            "subscriptions_url": "https://api.github.com/users/RahulPatel1308/subscriptions",
            "organizations_url": "https://api.github.com/users/RahulPatel1308/orgs",
            "repos_url": "https://api.github.com/users/RahulPatel1308/repos",
            "events_url": "https://api.github.com/users/RahulPatel1308/events{/privacy}",
            "received_events_url": "https://api.github.com/users/RahulPatel1308/received_events",
            "type": "User",
            "site_admin": false
        },
        "html_url": "https://github.com/RahulPatel1308/My-projects",
        "description": null,
        "fork": false,
        "url": "https://api.github.com/repos/RahulPatel1308/My-projects",
        "forks_url": "https://api.github.com/repos/RahulPatel1308/My-projects/forks",
        "keys_url": "https://api.github.com/repos/RahulPatel1308/My-projects/keys{/key_id}",
        "collaborators_url": "https://api.github.com/repos/RahulPatel1308/My-projects/collaborators{/collaborator}",
        "teams_url": "https://api.github.com/repos/RahulPatel1308/My-projects/teams",
        "hooks_url": "https://api.github.com/repos/RahulPatel1308/My-projects/hooks",
        "issue_events_url": "https://api.github.com/repos/RahulPatel1308/My-projects/issues/events{/number}",
        "events_url": "https://api.github.com/repos/RahulPatel1308/My-projects/events",
        "assignees_url": "https://api.github.com/repos/RahulPatel1308/My-projects/assignees{/user}",
        "branches_url": "https://api.github.com/repos/RahulPatel1308/My-projects/branches{/branch}",
        "tags_url": "https://api.github.com/repos/RahulPatel1308/My-projects/tags",
        "blobs_url": "https://api.github.com/repos/RahulPatel1308/My-projects/git/blobs{/sha}",
        "git_tags_url": "https://api.github.com/repos/RahulPatel1308/My-projects/git/tags{/sha}",
        "git_refs_url": "https://api.github.com/repos/RahulPatel1308/My-projects/git/refs{/sha}",
        "trees_url": "https://api.github.com/repos/RahulPatel1308/My-projects/git/trees{/sha}",
        "statuses_url": "https://api.github.com/repos/RahulPatel1308/My-projects/statuses/{sha}",
        "languages_url": "https://api.github.com/repos/RahulPatel1308/My-projects/languages",
        "stargazers_url": "https://api.github.com/repos/RahulPatel1308/My-projects/stargazers",
        "contributors_url": "https://api.github.com/repos/RahulPatel1308/My-projects/contributors",
        "subscribers_url": "https://api.github.com/repos/RahulPatel1308/My-projects/subscribers",
        "subscription_url": "https://api.github.com/repos/RahulPatel1308/My-projects/subscription",
        "commits_url": "https://api.github.com/repos/RahulPatel1308/My-projects/commits{/sha}",
        "git_commits_url": "https://api.github.com/repos/RahulPatel1308/My-projects/git/commits{/sha}",
        "comments_url": "https://api.github.com/repos/RahulPatel1308/My-projects/comments{/number}",
        "issue_comment_url": "https://api.github.com/repos/RahulPatel1308/My-projects/issues/comments{/number}",
        "contents_url": "https://api.github.com/repos/RahulPatel1308/My-projects/contents/{+path}",
        "compare_url": "https://api.github.com/repos/RahulPatel1308/My-projects/compare/{base}...{head}",
        "merges_url": "https://api.github.com/repos/RahulPatel1308/My-projects/merges",
        "archive_url": "https://api.github.com/repos/RahulPatel1308/My-projects/{archive_format}{/ref}",
        "downloads_url": "https://api.github.com/repos/RahulPatel1308/My-projects/downloads",
        "issues_url": "https://api.github.com/repos/RahulPatel1308/My-projects/issues{/number}",
        "pulls_url": "https://api.github.com/repos/RahulPatel1308/My-projects/pulls{/number}",
        "milestones_url": "https://api.github.com/repos/RahulPatel1308/My-projects/milestones{/number}",
        "notifications_url": "https://api.github.com/repos/RahulPatel1308/My-projects/notifications{?since,all,participating}",
        "labels_url": "https://api.github.com/repos/RahulPatel1308/My-projects/labels{/name}",
        "releases_url": "https://api.github.com/repos/RahulPatel1308/My-projects/releases{/id}",
        "deployments_url": "https://api.github.com/repos/RahulPatel1308/My-projects/deployments",
        "created_at": "2022-03-28T23:49:17Z",
        "updated_at": "2022-04-17T19:33:52Z",
        "pushed_at": "2022-04-17T19:20:25Z",
        "git_url": "git://github.com/RahulPatel1308/My-projects.git",
        "ssh_url": "git@github.com:RahulPatel1308/My-projects.git",
        "clone_url": "https://github.com/RahulPatel1308/My-projects.git",
        "svn_url": "https://github.com/RahulPatel1308/My-projects",
        "homepage": null,
        "size": 169,
        "stargazers_count": 0,
        "watchers_count": 0,
        "language": "HTML",
        "has_issues": true,
        "has_projects": true,
        "has_downloads": true,
        "has_wiki": true,
        "has_pages": false,
        "forks_count": 0,
        "mirror_url": null,
        "archived": false,
        "disabled": false,
        "open_issues_count": 0,
        "license": null,
        "allow_forking": true,
        "is_template": false,
        "web_commit_signoff_required": false,
        "topics": [
            
        ],
        "visibility": "private",
        "forks": 0,
        "open_issues": 0,
        "watchers": 0,
        "default_branch": "master",
        "permissions": {
            "admin": true,
            "maintain": true,
            "push": true,
            "triage": true,
            "pull": true
        }
    }
]] but found [200]
at org.testng.Assert.fail(Assert.java:99)
at org.testng.Assert.failNotEquals(Assert.java:1037)
at org.testng.Assert.assertEqualsImpl(Assert.java:140)
at org.testng.Assert.assertEquals(Assert.java:122)
at org.testng.Assert.assertEquals(Assert.java:617)
at calls.GithubAPI.verifyrepo(GithubAPI.java:22)
at java.base/jdk.internal.reflect.NativeMethodAccessorImpl.invoke0(Native Method)
at java.base/jdk.internal.reflect.NativeMethodAccessorImpl.invoke(NativeMethodAccessorImpl.java:77)
at java.base/jdk.internal.reflect.DelegatingMethodAccessorImpl.invoke(DelegatingMethodAccessorImpl.java:43)
at java.base/java.lang.reflect.Method.invoke(Method.java:568)
at org.testng.internal.MethodInvocationHelper.invokeMethod(MethodInvocationHelper.java:133)
at org.testng.internal.TestInvoker.invokeMethod(TestInvoker.java:598)
at org.testng.internal.TestInvoker.invokeTestMethod(TestInvoker.java:173)
at org.testng.internal.MethodRunner.runInSequence(MethodRunner.java:46)
at org.testng.internal.TestInvoker$MethodInvocationAgent.invoke(TestInvoker.java:824)
at org.testng.internal.TestInvoker.invokeTestMethods(TestInvoker.java:146)
at org.testng.internal.TestMethodWorker.invokeTestMethods(TestMethodWorker.java:146)
at org.testng.internal.TestMethodWorker.run(TestMethodWorker.java:128)
at java.base/java.util.ArrayList.forEach(ArrayList.java:1511)
at org.testng.TestRunner.privateRun(TestRunner.java:794)
at org.testng.TestRunner.run(TestRunner.java:596)
at org.testng.SuiteRunner.runTest(SuiteRunner.java:377)
at org.testng.SuiteRunner.runSequentially(SuiteRunner.java:371)
at org.testng.SuiteRunner.privateRun(SuiteRunner.java:332)
at org.testng.SuiteRunner.run(SuiteRunner.java:276)
at org.testng.SuiteRunnerWorker.runSuite(SuiteRunnerWorker.java:53)
at org.testng.SuiteRunnerWorker.run(SuiteRunnerWorker.java:96)
at org.testng.TestNG.runSuitesSequentially(TestNG.java:1212)
at org.testng.TestNG.runSuitesLocally(TestNG.java:1134)
at org.testng.TestNG.runSuites(TestNG.java:1063)
at org.testng.TestNG.run(TestNG.java:1031)
at org.testng.remote.AbstractRemoteTestNG.run(AbstractRemoteTestNG.java:115)
at org.testng.remote.RemoteTestNG.initAndRun(RemoteTestNG.java:251)
at org.testng.remote.RemoteTestNG.main(RemoteTestNG.java:77)
]]>
            </full-stacktrace>
          </exception> <!-- java.lang.AssertionError -->
          <reporter-output>
          </reporter-output>
        </test-method> <!-- verifyrepo -->
      </class> <!-- calls.GithubAPI -->
    </test> <!-- Default test -->
  </suite> <!-- Default suite -->
</testng-results>
